TN:
SF:src/actions/RegistrationActions.js
FN:7,registerSuccess
FN:14,registerFailure
FN:21,requestRegistration
FN:28,stopLoading
FN:35,registerUser
FN:40,registerWithUrl
FN:41,(anonymous_6)
FN:52,(anonymous_7)
FN:55,(anonymous_8)
FN:63,(anonymous_9)
FNF:10
FNH:10
FNDA:2,registerSuccess
FNDA:3,registerFailure
FNDA:5,requestRegistration
FNDA:3,stopLoading
FNDA:1,registerUser
FNDA:3,registerWithUrl
FNDA:3,(anonymous_6)
FNDA:2,(anonymous_7)
FNDA:2,(anonymous_8)
FNDA:1,(anonymous_9)
DA:3,3
DA:4,3
DA:5,3
DA:8,2
DA:15,3
DA:22,5
DA:29,3
DA:36,1
DA:37,1
DA:41,3
DA:42,3
DA:43,3
DA:47,3
DA:51,3
DA:53,2
DA:56,2
DA:57,2
DA:58,1
DA:60,1
DA:64,1
LF:20
LH:20
BRDA:57,0,0,1
BRDA:57,0,1,1
BRDA:57,1,0,2
BRDA:57,1,1,2
BRF:4
BRH:4
end_of_record
TN:
SF:src/common/Constants.js
FNF:0
FNH:0
DA:1,3
LF:1
LH:1
BRF:0
BRH:0
end_of_record
TN:
SF:src/common/Validation.js
FN:2,(anonymous_0)
FNF:1
FNH:1
FNDA:37,(anonymous_0)
DA:3,37
DA:4,15
DA:6,22
LF:3
LH:3
BRDA:3,0,0,15
BRDA:3,0,1,22
BRDA:3,1,0,37
BRDA:3,1,1,36
BRDA:3,1,2,35
BRF:5
BRH:5
end_of_record
TN:
SF:src/components/img/mask.png
FNF:0
FNH:0
DA:1,2
LF:1
LH:1
BRF:0
BRH:0
end_of_record
TN:
SF:src/components/reusable/Button.js
FN:5,(anonymous_0)
FN:8,(anonymous_1)
FNF:2
FNH:2
FNDA:2,(anonymous_0)
FNDA:2,(anonymous_1)
DA:6,2
DA:17,2
DA:18,2
DA:20,2
DA:43,2
LF:5
LH:5
BRDA:24,0,0,1
BRDA:24,0,1,1
BRDA:33,1,0,1
BRDA:33,1,1,1
BRF:4
BRH:4
end_of_record
TN:
SF:src/components/reusable/LoadingView.js
FN:4,(anonymous_0)
FNF:1
FNH:1
FNDA:2,(anonymous_0)
DA:4,2
DA:5,2
DA:6,2
DA:16,2
LF:4
LH:4
BRDA:10,0,0,1
BRDA:10,0,1,1
BRF:2
BRH:2
end_of_record
TN:
SF:src/components/reusable/TextFieldView.js
FN:5,(anonymous_0)
FN:8,(anonymous_1)
FN:29,(anonymous_2)
FNF:3
FNH:3
FNDA:8,(anonymous_0)
FNDA:8,(anonymous_1)
FNDA:8,(anonymous_2)
DA:6,8
DA:9,8
DA:10,8
DA:12,8
DA:15,8
DA:16,2
DA:30,8
DA:31,8
DA:32,8
DA:34,8
DA:67,2
LF:11
LH:11
BRDA:12,0,0,0
BRDA:12,0,1,8
BRDA:15,1,0,2
BRDA:15,1,1,6
BRDA:44,2,0,4
BRDA:44,2,1,4
BRDA:45,3,0,0
BRDA:45,3,1,4
BRDA:57,4,0,1
BRDA:57,4,1,7
BRDA:57,5,0,8
BRDA:57,5,1,1
BRF:12
BRH:10
end_of_record
TN:
SF:src/components/screens/RegistrationScreen.js
FN:14,(anonymous_0)
FN:42,(anonymous_1)
FN:48,(anonymous_2)
FN:55,(anonymous_3)
FN:61,(anonymous_4)
FN:70,(anonymous_5)
FN:73,(anonymous_6)
FN:81,(anonymous_7)
FN:84,(anonymous_8)
FN:92,(anonymous_9)
FN:99,(anonymous_10)
FN:107,(anonymous_11)
FN:115,(anonymous_12)
FN:120,(anonymous_13)
FN:126,(anonymous_14)
FN:135,(anonymous_15)
FN:138,(anonymous_16)
FN:146,(anonymous_17)
FN:149,(anonymous_18)
FN:157,(anonymous_19)
FN:164,(anonymous_20)
FN:172,(anonymous_21)
FN:178,(anonymous_22)
FN:187,(anonymous_23)
FN:190,(anonymous_24)
FN:198,(anonymous_25)
FN:201,(anonymous_26)
FN:209,(anonymous_27)
FN:216,(anonymous_28)
FN:226,(anonymous_29)
FN:240,(anonymous_30)
FN:248,(anonymous_31)
FN:255,(anonymous_32)
FN:266,(anonymous_33)
FN:277,(anonymous_34)
FN:318,mapStateToProps
FN:326,mapDispatchToProps
FNF:37
FNH:33
FNDA:4,(anonymous_0)
FNDA:0,(anonymous_1)
FNDA:20,(anonymous_2)
FNDA:2,(anonymous_3)
FNDA:3,(anonymous_4)
FNDA:3,(anonymous_5)
FNDA:2,(anonymous_6)
FNDA:2,(anonymous_7)
FNDA:1,(anonymous_8)
FNDA:1,(anonymous_9)
FNDA:20,(anonymous_10)
FNDA:0,(anonymous_11)
FNDA:0,(anonymous_12)
FNDA:2,(anonymous_13)
FNDA:3,(anonymous_14)
FNDA:3,(anonymous_15)
FNDA:2,(anonymous_16)
FNDA:2,(anonymous_17)
FNDA:1,(anonymous_18)
FNDA:1,(anonymous_19)
FNDA:20,(anonymous_20)
FNDA:2,(anonymous_21)
FNDA:2,(anonymous_22)
FNDA:2,(anonymous_23)
FNDA:1,(anonymous_24)
FNDA:1,(anonymous_25)
FNDA:1,(anonymous_26)
FNDA:1,(anonymous_27)
FNDA:20,(anonymous_28)
FNDA:0,(anonymous_29)
FNDA:20,(anonymous_30)
FNDA:8,(anonymous_31)
FNDA:4,(anonymous_32)
FNDA:20,(anonymous_33)
FNDA:20,(anonymous_34)
FNDA:2,mapStateToProps
FNDA:1,mapDispatchToProps
DA:15,4
DA:16,4
DA:42,1
DA:43,0
DA:49,20
DA:50,20
DA:56,2
DA:57,2
DA:59,0
DA:62,3
DA:74,2
DA:85,1
DA:100,20
DA:101,20
DA:108,0
DA:121,2
DA:122,2
DA:124,0
DA:127,3
DA:139,2
DA:150,1
DA:165,20
DA:166,20
DA:173,2
DA:174,2
DA:176,0
DA:179,2
DA:191,1
DA:202,1
DA:217,20
DA:218,20
DA:219,20
DA:220,20
DA:227,0
DA:228,0
DA:229,0
DA:231,0
DA:241,20
DA:242,20
DA:243,12
DA:245,8
DA:249,8
DA:250,8
DA:251,4
DA:253,4
DA:256,4
DA:257,4
DA:258,3
DA:260,1
DA:261,0
DA:263,1
DA:267,20
DA:272,19
DA:274,1
DA:278,20
DA:279,20
DA:280,20
DA:296,1
DA:319,2
DA:327,1
LF:60
LH:50
BRDA:56,0,0,2
BRDA:56,0,1,0
BRDA:121,1,0,2
BRDA:121,1,1,0
BRDA:173,2,0,2
BRDA:173,2,1,0
BRDA:228,3,0,0
BRDA:228,3,1,0
BRDA:242,4,0,12
BRDA:242,4,1,8
BRDA:250,5,0,4
BRDA:250,5,1,4
BRDA:257,6,0,3
BRDA:257,6,1,1
BRDA:260,7,0,0
BRDA:260,7,1,1
BRDA:267,8,0,19
BRDA:267,8,1,1
BRDA:268,9,0,20
BRDA:268,9,1,8
BRDA:268,9,2,4
BRDA:290,10,0,1
BRDA:290,10,1,19
BRF:23
BRH:17
end_of_record
TN:
SF:src/reducers/RegistrationReducer.js
FN:12,(anonymous_0)
FNF:1
FNH:1
FNDA:6,(anonymous_0)
DA:7,2
DA:12,2
DA:13,6
DA:15,2
DA:18,2
DA:21,1
DA:25,1
DA:28,1
DA:32,1
DA:35,2
LF:10
LH:10
BRDA:12,0,0,2
BRDA:13,1,0,2
BRDA:13,1,1,1
BRDA:13,1,2,1
BRDA:13,1,3,2
BRF:5
BRH:5
end_of_record
